<?xml version="1.0" encoding="UTF-8"?>
<coverage generated="1772139398398" clover="3.2.0">
  <project timestamp="1772139398398" name="All files">
    <metrics statements="43" coveredstatements="42" conditionals="28" coveredconditionals="21" methods="10" coveredmethods="10" elements="81" coveredelements="73" complexity="0" loc="43" ncloc="43" packages="1" files="1" classes="1"/>
    <file name="dashboard.js" path="/home/tabi/DHBW/Software_Engineering/SoftEngDHBW/scripts/dashboard.js">
      <metrics statements="43" coveredstatements="42" conditionals="28" coveredconditionals="21" methods="10" coveredmethods="10"/>
      <line num="2" count="1" type="stmt"/>
      <line num="3" count="1" type="cond" truecount="1" falsecount="1"/>
      <line num="5" count="1" type="stmt"/>
      <line num="7" count="1" type="cond" truecount="3" falsecount="1"/>
      <line num="8" count="0" type="stmt"/>
      <line num="11" count="1" type="stmt"/>
      <line num="14" count="1" type="stmt"/>
      <line num="16" count="5" type="stmt"/>
      <line num="17" count="5" type="stmt"/>
      <line num="19" count="5" type="cond" truecount="1" falsecount="1"/>
      <line num="21" count="5" type="stmt"/>
      <line num="22" count="15" type="stmt"/>
      <line num="26" count="5" type="cond" truecount="3" falsecount="1"/>
      <line num="29" count="5" type="stmt"/>
      <line num="32" count="5" type="cond" truecount="2" falsecount="0"/>
      <line num="33" count="1" type="stmt"/>
      <line num="36" count="12" type="stmt"/>
      <line num="37" count="4" type="stmt"/>
      <line num="40" count="4" type="cond" truecount="1" falsecount="1"/>
      <line num="41" count="4" type="stmt"/>
      <line num="42" count="4" type="stmt"/>
      <line num="45" count="4" type="stmt"/>
      <line num="46" count="4" type="cond" truecount="1" falsecount="1"/>
      <line num="48" count="4" type="stmt"/>
      <line num="49" count="4" type="cond" truecount="2" falsecount="0"/>
      <line num="51" count="3" type="stmt"/>
      <line num="54" count="3" type="cond" truecount="2" falsecount="0"/>
      <line num="55" count="2" type="stmt"/>
      <line num="59" count="2" type="stmt"/>
      <line num="60" count="2" type="stmt"/>
      <line num="62" count="2" type="cond" truecount="1" falsecount="1"/>
      <line num="64" count="2" type="stmt"/>
      <line num="66" count="2" type="cond" truecount="2" falsecount="0"/>
      <line num="67" count="1" type="stmt"/>
      <line num="68" count="1" type="stmt"/>
      <line num="69" count="1" type="stmt"/>
      <line num="72" count="2" type="cond" truecount="2" falsecount="0"/>
      <line num="73" count="1" type="stmt"/>
      <line num="74" count="1" type="stmt"/>
      <line num="80" count="1" type="stmt"/>
      <line num="81" count="1" type="stmt"/>
      <line num="84" count="1" type="stmt"/>
      <line num="88" count="4" type="stmt"/>
    </file>
  </project>
</coverage>
