<?xml version="1.0" encoding="UTF-8"?>
<coverage generated="1773651563955" clover="3.2.0">
  <project timestamp="1773651563956" name="All files">
    <metrics statements="45" coveredstatements="45" conditionals="14" coveredconditionals="14" methods="10" coveredmethods="10" elements="69" coveredelements="69" complexity="0" loc="45" ncloc="45" packages="1" files="1" classes="1"/>
    <file name="seezeit_mensa_scraper.js" path="/home/robin/SoftwareEng/scripts/seezeit_mensa_scraper.js">
      <metrics statements="45" coveredstatements="45" conditionals="14" coveredconditionals="14" methods="10" coveredmethods="10"/>
      <line num="5" count="1" type="stmt"/>
      <line num="21" count="1" type="stmt"/>
      <line num="22" count="2" type="stmt"/>
      <line num="29" count="8" type="stmt"/>
      <line num="33" count="6" type="stmt"/>
      <line num="35" count="5" type="stmt"/>
      <line num="36" count="2" type="stmt"/>
      <line num="37" count="2" type="stmt"/>
      <line num="40" count="2" type="stmt"/>
      <line num="41" count="3" type="stmt"/>
      <line num="42" count="3" type="stmt"/>
      <line num="43" count="3" type="stmt"/>
      <line num="47" count="2" type="stmt"/>
      <line num="48" count="3" type="stmt"/>
      <line num="49" count="3" type="stmt"/>
      <line num="51" count="3" type="stmt"/>
      <line num="56" count="3" type="stmt"/>
      <line num="57" count="3" type="stmt"/>
      <line num="59" count="5" type="cond" truecount="2" falsecount="0"/>
      <line num="60" count="5" type="stmt"/>
      <line num="70" count="5" type="cond" truecount="2" falsecount="0"/>
      <line num="71" count="5" type="stmt"/>
      <line num="73" count="5" type="cond" truecount="4" falsecount="0"/>
      <line num="75" count="3" type="stmt"/>
      <line num="76" count="3" type="stmt"/>
      <line num="78" count="3" type="cond" truecount="2" falsecount="0"/>
      <line num="79" count="1" type="stmt"/>
      <line num="80" count="2" type="stmt"/>
      <line num="81" count="4" type="stmt"/>
      <line num="86" count="3" type="stmt"/>
      <line num="93" count="3" type="stmt"/>
      <line num="102" count="3" type="cond" truecount="2" falsecount="0"/>
      <line num="103" count="2" type="stmt"/>
      <line num="107" count="2" type="stmt"/>
      <line num="116" count="2" type="stmt"/>
      <line num="122" count="2" type="stmt"/>
      <line num="124" count="2" type="stmt"/>
      <line num="125" count="2" type="stmt"/>
      <line num="127" count="2" type="stmt"/>
      <line num="128" count="4" type="stmt"/>
      <line num="130" count="4" type="stmt"/>
      <line num="133" count="3" type="stmt"/>
      <line num="135" count="3" type="stmt"/>
      <line num="142" count="2" type="stmt"/>
      <line num="146" count="2" type="stmt"/>
    </file>
  </project>
</coverage>
