{"/home/tabi/DHBW/Software_Engineering/SoftEngDHBW/scripts/dashboard.js": {"path":"/home/tabi/DHBW/Software_Engineering/SoftEngDHBW/scripts/dashboard.js","statementMap":{"0":{"start":{"line":2,"column":16},"end":{"line":2,"column":43}},"1":{"start":{"line":3,"column":4},"end":{"line":3,"column":29}},"2":{"start":{"line":3,"column":17},"end":{"line":3,"column":29}},"3":{"start":{"line":5,"column":20},"end":{"line":5,"column":36}},"4":{"start":{"line":7,"column":4},"end":{"line":9,"column":null}},"5":{"start":{"line":8,"column":8},"end":{"line":8,"column":null}},"6":{"start":{"line":11,"column":4},"end":{"line":11,"column":49}},"7":{"start":{"line":14,"column":0},"end":{"line":92,"column":null}},"8":{"start":{"line":16,"column":17},"end":{"line":16,"column":58}},"9":{"start":{"line":17,"column":18},"end":{"line":17,"column":62}},"10":{"start":{"line":19,"column":4},"end":{"line":19,"column":22}},"11":{"start":{"line":19,"column":15},"end":{"line":19,"column":22}},"12":{"start":{"line":21,"column":4},"end":{"line":91,"column":null}},"13":{"start":{"line":22,"column":8},"end":{"line":90,"column":null}},"14":{"start":{"line":26,"column":12},"end":{"line":26,"column":null}},"15":{"start":{"line":26,"column":67},"end":{"line":26,"column":null}},"16":{"start":{"line":29,"column":29},"end":{"line":29,"column":62}},"17":{"start":{"line":32,"column":12},"end":{"line":33,"column":null}},"18":{"start":{"line":33,"column":16},"end":{"line":33,"column":23}},"19":{"start":{"line":36,"column":12},"end":{"line":36,"column":null}},"20":{"start":{"line":36,"column":31},"end":{"line":36,"column":59}},"21":{"start":{"line":37,"column":12},"end":{"line":37,"column":null}},"22":{"start":{"line":40,"column":12},"end":{"line":89,"column":null}},"23":{"start":{"line":41,"column":16},"end":{"line":41,"column":null}},"24":{"start":{"line":42,"column":16},"end":{"line":42,"column":null}},"25":{"start":{"line":45,"column":38},"end":{"line":45,"column":75}},"26":{"start":{"line":46,"column":16},"end":{"line":86,"column":null}},"27":{"start":{"line":48,"column":39},"end":{"line":48,"column":72}},"28":{"start":{"line":49,"column":20},"end":{"line":85,"column":null}},"29":{"start":{"line":51,"column":24},"end":{"line":82,"column":null}},"30":{"start":{"line":54,"column":32},"end":{"line":54,"column":null}},"31":{"start":{"line":54,"column":50},"end":{"line":54,"column":null}},"32":{"start":{"line":55,"column":32},"end":{"line":55,"column":null}},"33":{"start":{"line":59,"column":47},"end":{"line":59,"column":62}},"34":{"start":{"line":60,"column":44},"end":{"line":60,"column":85}},"35":{"start":{"line":62,"column":52},"end":{"line":62,"column":89}},"36":{"start":{"line":64,"column":32},"end":{"line":64,"column":null}},"37":{"start":{"line":66,"column":32},"end":{"line":71,"column":null}},"38":{"start":{"line":67,"column":36},"end":{"line":70,"column":null}},"39":{"start":{"line":68,"column":40},"end":{"line":68,"column":null}},"40":{"start":{"line":69,"column":40},"end":{"line":69,"column":null}},"41":{"start":{"line":72,"column":32},"end":{"line":76,"column":null}},"42":{"start":{"line":73,"column":36},"end":{"line":75,"column":null}},"43":{"start":{"line":74,"column":40},"end":{"line":74,"column":null}},"44":{"start":{"line":80,"column":32},"end":{"line":80,"column":null}},"45":{"start":{"line":81,"column":32},"end":{"line":81,"column":null}},"46":{"start":{"line":84,"column":24},"end":{"line":84,"column":null}},"47":{"start":{"line":88,"column":16},"end":{"line":88,"column":null}}},"fnMap":{"0":{"name":"loadCourse","decl":{"start":{"line":1,"column":15},"end":{"line":1,"column":25}},"loc":{"start":{"line":1,"column":28},"end":{"line":12,"column":null}},"line":1},"1":{"name":"(anonymous_1)","decl":{"start":{"line":14,"column":46},"end":{"line":14,"column":47}},"loc":{"start":{"line":14,"column":52},"end":{"line":92,"column":1}},"line":14},"2":{"name":"(anonymous_2)","decl":{"start":{"line":21,"column":18},"end":{"line":21,"column":22}},"loc":{"start":{"line":21,"column":26},"end":{"line":91,"column":5}},"line":21},"3":{"name":"(anonymous_3)","decl":{"start":{"line":22,"column":39},"end":{"line":22,"column":40}},"loc":{"start":{"line":22,"column":46},"end":{"line":90,"column":9}},"line":22},"4":{"name":"(anonymous_4)","decl":{"start":{"line":36,"column":26},"end":{"line":36,"column":27}},"loc":{"start":{"line":36,"column":31},"end":{"line":36,"column":59}},"line":36},"5":{"name":"(anonymous_5)","decl":{"start":{"line":52,"column":34},"end":{"line":52,"column":42}},"loc":{"start":{"line":52,"column":46},"end":{"line":56,"column":29}},"line":52},"6":{"name":"(anonymous_6)","decl":{"start":{"line":57,"column":34},"end":{"line":57,"column":38}},"loc":{"start":{"line":57,"column":42},"end":{"line":77,"column":29}},"line":57},"7":{"name":"(anonymous_7)","decl":{"start":{"line":67,"column":73},"end":{"line":67,"column":78}},"loc":{"start":{"line":67,"column":89},"end":{"line":70,"column":37}},"line":67},"8":{"name":"(anonymous_8)","decl":{"start":{"line":73,"column":69},"end":{"line":73,"column":74}},"loc":{"start":{"line":73,"column":85},"end":{"line":75,"column":37}},"line":73},"9":{"name":"(anonymous_9)","decl":{"start":{"line":78,"column":35},"end":{"line":78,"column":38}},"loc":{"start":{"line":78,"column":42},"end":{"line":82,"column":29}},"line":78}},"branchMap":{"0":{"loc":{"start":{"line":3,"column":4},"end":{"line":3,"column":29}},"type":"if","locations":[{"start":{"line":3,"column":4},"end":{"line":3,"column":29}},{"start":{},"end":{}}],"line":3},"1":{"loc":{"start":{"line":7,"column":4},"end":{"line":9,"column":null}},"type":"if","locations":[{"start":{"line":7,"column":4},"end":{"line":9,"column":null}},{"start":{},"end":{}}],"line":7},"2":{"loc":{"start":{"line":7,"column":8},"end":{"line":7,"column":49}},"type":"binary-expr","locations":[{"start":{"line":7,"column":8},"end":{"line":7,"column":30}},{"start":{"line":7,"column":34},"end":{"line":7,"column":49}}],"line":7},"3":{"loc":{"start":{"line":19,"column":4},"end":{"line":19,"column":22}},"type":"if","locations":[{"start":{"line":19,"column":4},"end":{"line":19,"column":22}},{"start":{},"end":{}}],"line":19},"4":{"loc":{"start":{"line":26,"column":12},"end":{"line":26,"column":null}},"type":"if","locations":[{"start":{"line":26,"column":12},"end":{"line":26,"column":null}},{"start":{},"end":{}}],"line":26},"5":{"loc":{"start":{"line":26,"column":16},"end":{"line":26,"column":65}},"type":"binary-expr","locations":[{"start":{"line":26,"column":16},"end":{"line":26,"column":40}},{"start":{"line":26,"column":44},"end":{"line":26,"column":65}}],"line":26},"6":{"loc":{"start":{"line":32,"column":12},"end":{"line":33,"column":null}},"type":"if","locations":[{"start":{"line":32,"column":12},"end":{"line":33,"column":null}},{"start":{},"end":{}}],"line":32},"7":{"loc":{"start":{"line":40,"column":12},"end":{"line":89,"column":null}},"type":"if","locations":[{"start":{"line":40,"column":12},"end":{"line":89,"column":null}},{"start":{},"end":{}}],"line":40},"8":{"loc":{"start":{"line":46,"column":16},"end":{"line":86,"column":null}},"type":"if","locations":[{"start":{"line":46,"column":16},"end":{"line":86,"column":null}},{"start":{},"end":{}}],"line":46},"9":{"loc":{"start":{"line":49,"column":20},"end":{"line":85,"column":null}},"type":"if","locations":[{"start":{"line":49,"column":20},"end":{"line":85,"column":null}},{"start":{"line":83,"column":27},"end":{"line":85,"column":null}}],"line":49},"10":{"loc":{"start":{"line":54,"column":32},"end":{"line":54,"column":null}},"type":"if","locations":[{"start":{"line":54,"column":32},"end":{"line":54,"column":null}},{"start":{},"end":{}}],"line":54},"11":{"loc":{"start":{"line":62,"column":52},"end":{"line":62,"column":89}},"type":"binary-expr","locations":[{"start":{"line":62,"column":52},"end":{"line":62,"column":77}},{"start":{"line":62,"column":81},"end":{"line":62,"column":89}}],"line":62},"12":{"loc":{"start":{"line":66,"column":32},"end":{"line":71,"column":null}},"type":"if","locations":[{"start":{"line":66,"column":32},"end":{"line":71,"column":null}},{"start":{},"end":{}}],"line":66},"13":{"loc":{"start":{"line":72,"column":32},"end":{"line":76,"column":null}},"type":"if","locations":[{"start":{"line":72,"column":32},"end":{"line":76,"column":null}},{"start":{},"end":{}}],"line":72}},"s":{"0":1,"1":1,"2":0,"3":1,"4":1,"5":0,"6":1,"7":1,"8":5,"9":5,"10":5,"11":0,"12":5,"13":15,"14":5,"15":0,"16":5,"17":5,"18":1,"19":4,"20":12,"21":4,"22":4,"23":4,"24":4,"25":4,"26":4,"27":4,"28":4,"29":3,"30":3,"31":1,"32":2,"33":2,"34":2,"35":2,"36":2,"37":2,"38":1,"39":1,"40":1,"41":2,"42":1,"43":1,"44":1,"45":1,"46":1,"47":4},"f":{"0":1,"1":5,"2":15,"3":5,"4":12,"5":3,"6":2,"7":1,"8":1,"9":1},"b":{"0":[0,1],"1":[0,1],"2":[1,1],"3":[0,5],"4":[0,5],"5":[5,5],"6":[1,4],"7":[4,0],"8":[4,0],"9":[3,1],"10":[1,2],"11":[2,0],"12":[1,1],"13":[1,1]},"meta":{"lastBranch":14,"lastFunction":10,"lastStatement":48,"seen":{"f:1:15:1:25":0,"s:2:16:2:43":0,"b:3:4:3:29:undefined:undefined:undefined:undefined":0,"s:3:4:3:29":1,"s:3:17:3:29":2,"s:5:20:5:36":3,"b:7:4:9:Infinity:undefined:undefined:undefined:undefined":1,"s:7:4:9:Infinity":4,"b:7:8:7:30:7:34:7:49":2,"s:8:8:8:Infinity":5,"s:11:4:11:49":6,"s:14:0:92:Infinity":7,"f:14:46:14:47":1,"s:16:17:16:58":8,"s:17:18:17:62":9,"b:19:4:19:22:undefined:undefined:undefined:undefined":3,"s:19:4:19:22":10,"s:19:15:19:22":11,"s:21:4:91:Infinity":12,"f:21:18:21:22":2,"s:22:8:90:Infinity":13,"f:22:39:22:40":3,"b:26:12:26:Infinity:undefined:undefined:undefined:undefined":4,"s:26:12:26:Infinity":14,"b:26:16:26:40:26:44:26:65":5,"s:26:67:26:Infinity":15,"s:29:29:29:62":16,"b:32:12:33:Infinity:undefined:undefined:undefined:undefined":6,"s:32:12:33:Infinity":17,"s:33:16:33:23":18,"s:36:12:36:Infinity":19,"f:36:26:36:27":4,"s:36:31:36:59":20,"s:37:12:37:Infinity":21,"b:40:12:89:Infinity:undefined:undefined:undefined:undefined":7,"s:40:12:89:Infinity":22,"s:41:16:41:Infinity":23,"s:42:16:42:Infinity":24,"s:45:38:45:75":25,"b:46:16:86:Infinity:undefined:undefined:undefined:undefined":8,"s:46:16:86:Infinity":26,"s:48:39:48:72":27,"b:49:20:85:Infinity:83:27:85:Infinity":9,"s:49:20:85:Infinity":28,"s:51:24:82:Infinity":29,"f:52:34:52:42":5,"b:54:32:54:Infinity:undefined:undefined:undefined:undefined":10,"s:54:32:54:Infinity":30,"s:54:50:54:Infinity":31,"s:55:32:55:Infinity":32,"f:57:34:57:38":6,"s:59:47:59:62":33,"s:60:44:60:85":34,"s:62:52:62:89":35,"b:62:52:62:77:62:81:62:89":11,"s:64:32:64:Infinity":36,"b:66:32:71:Infinity:undefined:undefined:undefined:undefined":12,"s:66:32:71:Infinity":37,"s:67:36:70:Infinity":38,"f:67:73:67:78":7,"s:68:40:68:Infinity":39,"s:69:40:69:Infinity":40,"b:72:32:76:Infinity:undefined:undefined:undefined:undefined":13,"s:72:32:76:Infinity":41,"s:73:36:75:Infinity":42,"f:73:69:73:74":8,"s:74:40:74:Infinity":43,"f:78:35:78:38":9,"s:80:32:80:Infinity":44,"s:81:32:81:Infinity":45,"s:84:24:84:Infinity":46,"s:88:16:88:Infinity":47}}}
}
