{"/home/robin/SoftwareEng/server.js": {"path":"/home/robin/SoftwareEng/server.js","statementMap":{"0":{"start":{"line":4,"column":93},"end":{"line":4,"column":132}},"1":{"start":{"line":10,"column":19},"end":{"line":10,"column":49}},"2":{"start":{"line":11,"column":18},"end":{"line":11,"column":42}},"3":{"start":{"line":14,"column":19},"end":{"line":14,"column":28}},"4":{"start":{"line":15,"column":32},"end":{"line":15,"column":83}},"5":{"start":{"line":18,"column":16},"end":{"line":18,"column":18}},"6":{"start":{"line":19,"column":16},"end":{"line":19,"column":18}},"7":{"start":{"line":20,"column":0},"end":{"line":27,"column":null}},"8":{"start":{"line":21,"column":19},"end":{"line":21,"column":98}},"9":{"start":{"line":22,"column":4},"end":{"line":22,"column":null}},"10":{"start":{"line":23,"column":19},"end":{"line":23,"column":98}},"11":{"start":{"line":24,"column":4},"end":{"line":24,"column":null}},"12":{"start":{"line":26,"column":4},"end":{"line":26,"column":null}},"13":{"start":{"line":30,"column":11},"end":{"line":30,"column":21}},"14":{"start":{"line":31,"column":0},"end":{"line":31,"column":null}},"15":{"start":{"line":32,"column":0},"end":{"line":32,"column":null}},"16":{"start":{"line":33,"column":0},"end":{"line":33,"column":null}},"17":{"start":{"line":34,"column":0},"end":{"line":38,"column":null}},"18":{"start":{"line":35,"column":4},"end":{"line":37,"column":null}},"19":{"start":{"line":36,"column":36},"end":{"line":36,"column":74}},"20":{"start":{"line":37,"column":22},"end":{"line":37,"column":29}},"21":{"start":{"line":39,"column":0},"end":{"line":39,"column":null}},"22":{"start":{"line":41,"column":0},"end":{"line":49,"column":null}},"23":{"start":{"line":51,"column":0},"end":{"line":51,"column":null}},"24":{"start":{"line":52,"column":0},"end":{"line":52,"column":null}},"25":{"start":{"line":53,"column":0},"end":{"line":53,"column":null}},"26":{"start":{"line":54,"column":0},"end":{"line":57,"column":null}},"27":{"start":{"line":58,"column":0},"end":{"line":61,"column":null}},"28":{"start":{"line":66,"column":57},"end":{"line":66,"column":68}},"29":{"start":{"line":67,"column":4},"end":{"line":69,"column":null}},"30":{"start":{"line":68,"column":8},"end":{"line":68,"column":null}},"31":{"start":{"line":70,"column":4},"end":{"line":75,"column":null}},"32":{"start":{"line":71,"column":8},"end":{"line":73,"column":null}},"33":{"start":{"line":72,"column":12},"end":{"line":72,"column":null}},"34":{"start":{"line":74,"column":8},"end":{"line":74,"column":null}},"35":{"start":{"line":76,"column":4},"end":{"line":76,"column":null}},"36":{"start":{"line":80,"column":4},"end":{"line":82,"column":null}},"37":{"start":{"line":81,"column":8},"end":{"line":81,"column":null}},"38":{"start":{"line":83,"column":4},"end":{"line":83,"column":null}},"39":{"start":{"line":87,"column":4},"end":{"line":87,"column":null}},"40":{"start":{"line":87,"column":36},"end":{"line":87,"column":null}},"41":{"start":{"line":88,"column":4},"end":{"line":94,"column":null}},"42":{"start":{"line":98,"column":0},"end":{"line":103,"column":null}},"43":{"start":{"line":99,"column":4},"end":{"line":101,"column":null}},"44":{"start":{"line":100,"column":8},"end":{"line":100,"column":null}},"45":{"start":{"line":102,"column":4},"end":{"line":102,"column":null}},"46":{"start":{"line":105,"column":0},"end":{"line":110,"column":null}},"47":{"start":{"line":106,"column":4},"end":{"line":109,"column":null}},"48":{"start":{"line":112,"column":0},"end":{"line":170,"column":null}},"49":{"start":{"line":113,"column":22},"end":{"line":113,"column":57}},"50":{"start":{"line":114,"column":19},"end":{"line":114,"column":49}},"51":{"start":{"line":116,"column":25},"end":{"line":116,"column":47}},"52":{"start":{"line":119,"column":4},"end":{"line":121,"column":null}},"53":{"start":{"line":120,"column":8},"end":{"line":120,"column":null}},"54":{"start":{"line":122,"column":4},"end":{"line":124,"column":null}},"55":{"start":{"line":123,"column":8},"end":{"line":123,"column":null}},"56":{"start":{"line":127,"column":4},"end":{"line":129,"column":null}},"57":{"start":{"line":128,"column":8},"end":{"line":128,"column":null}},"58":{"start":{"line":132,"column":34},"end":{"line":132,"column":51}},"59":{"start":{"line":133,"column":4},"end":{"line":135,"column":null}},"60":{"start":{"line":134,"column":8},"end":{"line":134,"column":null}},"61":{"start":{"line":138,"column":25},"end":{"line":138,"column":79}},"62":{"start":{"line":139,"column":23},"end":{"line":139,"column":70}},"63":{"start":{"line":142,"column":4},"end":{"line":142,"column":null}},"64":{"start":{"line":143,"column":4},"end":{"line":143,"column":35}},"65":{"start":{"line":144,"column":4},"end":{"line":144,"column":null}},"66":{"start":{"line":145,"column":4},"end":{"line":145,"column":null}},"67":{"start":{"line":146,"column":4},"end":{"line":146,"column":null}},"68":{"start":{"line":147,"column":4},"end":{"line":147,"column":null}},"69":{"start":{"line":148,"column":4},"end":{"line":148,"column":null}},"70":{"start":{"line":149,"column":4},"end":{"line":149,"column":null}},"71":{"start":{"line":154,"column":3},"end":{"line":161,"column":null}},"72":{"start":{"line":158,"column":8},"end":{"line":158,"column":null}},"73":{"start":{"line":160,"column":8},"end":{"line":160,"column":null}},"74":{"start":{"line":163,"column":3},"end":{"line":167,"column":null}},"75":{"start":{"line":164,"column":4},"end":{"line":164,"column":null}},"76":{"start":{"line":166,"column":4},"end":{"line":166,"column":74}},"77":{"start":{"line":169,"column":4},"end":{"line":169,"column":null}},"78":{"start":{"line":172,"column":0},"end":{"line":184,"column":null}},"79":{"start":{"line":173,"column":4},"end":{"line":175,"column":null}},"80":{"start":{"line":174,"column":8},"end":{"line":174,"column":null}},"81":{"start":{"line":177,"column":4},"end":{"line":183,"column":null}},"82":{"start":{"line":186,"column":0},"end":{"line":190,"column":null}},"83":{"start":{"line":187,"column":4},"end":{"line":189,"column":null}},"84":{"start":{"line":188,"column":8},"end":{"line":188,"column":null}},"85":{"start":{"line":193,"column":0},"end":{"line":215,"column":null}},"86":{"start":{"line":194,"column":24},"end":{"line":194,"column":54}},"87":{"start":{"line":197,"column":24},"end":{"line":206,"column":5}},"88":{"start":{"line":208,"column":20},"end":{"line":208,"column":61}},"89":{"start":{"line":210,"column":4},"end":{"line":214,"column":null}},"90":{"start":{"line":218,"column":0},"end":{"line":228,"column":null}},"91":{"start":{"line":219,"column":4},"end":{"line":224,"column":null}},"92":{"start":{"line":220,"column":8},"end":{"line":222,"column":null}},"93":{"start":{"line":221,"column":12},"end":{"line":221,"column":null}},"94":{"start":{"line":223,"column":8},"end":{"line":223,"column":null}},"95":{"start":{"line":225,"column":4},"end":{"line":227,"column":null}},"96":{"start":{"line":231,"column":0},"end":{"line":231,"column":null}},"97":{"start":{"line":231,"column":41},"end":{"line":231,"column":67}},"98":{"start":{"line":233,"column":0},"end":{"line":235,"column":null}},"99":{"start":{"line":234,"column":4},"end":{"line":234,"column":null}},"100":{"start":{"line":237,"column":0},"end":{"line":239,"column":null}},"101":{"start":{"line":238,"column":4},"end":{"line":238,"column":null}},"102":{"start":{"line":241,"column":0},"end":{"line":243,"column":null}},"103":{"start":{"line":242,"column":4},"end":{"line":242,"column":null}},"104":{"start":{"line":245,"column":0},"end":{"line":247,"column":null}},"105":{"start":{"line":246,"column":4},"end":{"line":246,"column":null}},"106":{"start":{"line":249,"column":0},"end":{"line":251,"column":null}},"107":{"start":{"line":250,"column":4},"end":{"line":250,"column":null}},"108":{"start":{"line":253,"column":0},"end":{"line":255,"column":null}},"109":{"start":{"line":254,"column":4},"end":{"line":254,"column":null}},"110":{"start":{"line":257,"column":0},"end":{"line":281,"column":null}},"111":{"start":{"line":258,"column":4},"end":{"line":280,"column":null}},"112":{"start":{"line":259,"column":8},"end":{"line":263,"column":null}},"113":{"start":{"line":264,"column":30},"end":{"line":264,"column":85}},"114":{"start":{"line":265,"column":8},"end":{"line":271,"column":null}},"115":{"start":{"line":266,"column":12},"end":{"line":270,"column":null}},"116":{"start":{"line":272,"column":8},"end":{"line":275,"column":null}},"117":{"start":{"line":276,"column":8},"end":{"line":276,"column":null}},"118":{"start":{"line":278,"column":8},"end":{"line":278,"column":null}},"119":{"start":{"line":279,"column":8},"end":{"line":279,"column":null}},"120":{"start":{"line":282,"column":0},"end":{"line":298,"column":null}},"121":{"start":{"line":283,"column":4},"end":{"line":297,"column":null}},"122":{"start":{"line":284,"column":8},"end":{"line":284,"column":null}},"123":{"start":{"line":287,"column":22},"end":{"line":287,"column":46}},"124":{"start":{"line":289,"column":8},"end":{"line":293,"column":null}},"125":{"start":{"line":295,"column":8},"end":{"line":295,"column":null}},"126":{"start":{"line":296,"column":8},"end":{"line":296,"column":null}},"127":{"start":{"line":300,"column":13},"end":{"line":300,"column":37}},"128":{"start":{"line":301,"column":0},"end":{"line":303,"column":null}},"129":{"start":{"line":302,"column":4},"end":{"line":302,"column":null}}},"fnMap":{"0":{"name":"(anonymous_0)","decl":{"start":{"line":34,"column":19},"end":{"line":34,"column":20}},"loc":{"start":{"line":34,"column":43},"end":{"line":38,"column":1}},"line":34},"1":{"name":"(anonymous_1)","decl":{"start":{"line":36,"column":14},"end":{"line":36,"column":15}},"loc":{"start":{"line":36,"column":36},"end":{"line":36,"column":74}},"line":36},"2":{"name":"(anonymous_2)","decl":{"start":{"line":37,"column":15},"end":{"line":37,"column":18}},"loc":{"start":{"line":37,"column":22},"end":{"line":37,"column":29}},"line":37},"3":{"name":"requireLogin","decl":{"start":{"line":65,"column":9},"end":{"line":65,"column":21}},"loc":{"start":{"line":65,"column":38},"end":{"line":77,"column":null}},"line":65},"4":{"name":"(anonymous_4)","decl":{"start":{"line":71,"column":28},"end":{"line":71,"column":29}},"loc":{"start":{"line":71,"column":34},"end":{"line":73,"column":9}},"line":71},"5":{"name":"requirePartner","decl":{"start":{"line":79,"column":9},"end":{"line":79,"column":23}},"loc":{"start":{"line":79,"column":40},"end":{"line":84,"column":null}},"line":79},"6":{"name":"getCurrentUserFromSession","decl":{"start":{"line":86,"column":9},"end":{"line":86,"column":34}},"loc":{"start":{"line":86,"column":40},"end":{"line":95,"column":null}},"line":86},"7":{"name":"(anonymous_7)","decl":{"start":{"line":98,"column":13},"end":{"line":98,"column":18}},"loc":{"start":{"line":98,"column":33},"end":{"line":103,"column":1}},"line":98},"8":{"name":"(anonymous_8)","decl":{"start":{"line":105,"column":23},"end":{"line":105,"column":28}},"loc":{"start":{"line":105,"column":43},"end":{"line":110,"column":1}},"line":105},"9":{"name":"(anonymous_9)","decl":{"start":{"line":112,"column":24},"end":{"line":112,"column":29}},"loc":{"start":{"line":112,"column":44},"end":{"line":170,"column":1}},"line":112},"10":{"name":"(anonymous_10)","decl":{"start":{"line":157,"column":12},"end":{"line":157,"column":18}},"loc":{"start":{"line":157,"column":22},"end":{"line":159,"column":5}},"line":157},"11":{"name":"(anonymous_11)","decl":{"start":{"line":159,"column":13},"end":{"line":159,"column":16}},"loc":{"start":{"line":159,"column":20},"end":{"line":161,"column":5}},"line":159},"12":{"name":"(anonymous_12)","decl":{"start":{"line":163,"column":28},"end":{"line":163,"column":29}},"loc":{"start":{"line":163,"column":34},"end":{"line":165,"column":9}},"line":163},"13":{"name":"(anonymous_13)","decl":{"start":{"line":165,"column":17},"end":{"line":165,"column":20}},"loc":{"start":{"line":165,"column":24},"end":{"line":167,"column":5}},"line":165},"14":{"name":"(anonymous_14)","decl":{"start":{"line":172,"column":24},"end":{"line":172,"column":25}},"loc":{"start":{"line":172,"column":38},"end":{"line":184,"column":1}},"line":172},"15":{"name":"(anonymous_15)","decl":{"start":{"line":186,"column":24},"end":{"line":186,"column":25}},"loc":{"start":{"line":186,"column":38},"end":{"line":190,"column":1}},"line":186},"16":{"name":"(anonymous_16)","decl":{"start":{"line":187,"column":24},"end":{"line":187,"column":25}},"loc":{"start":{"line":187,"column":30},"end":{"line":189,"column":5}},"line":187},"17":{"name":"(anonymous_17)","decl":{"start":{"line":193,"column":36},"end":{"line":193,"column":41}},"loc":{"start":{"line":193,"column":56},"end":{"line":215,"column":1}},"line":193},"18":{"name":"(anonymous_18)","decl":{"start":{"line":218,"column":40},"end":{"line":218,"column":45}},"loc":{"start":{"line":218,"column":60},"end":{"line":228,"column":1}},"line":218},"19":{"name":"(anonymous_19)","decl":{"start":{"line":220,"column":28},"end":{"line":220,"column":29}},"loc":{"start":{"line":220,"column":34},"end":{"line":222,"column":9}},"line":220},"20":{"name":"(anonymous_20)","decl":{"start":{"line":231,"column":27},"end":{"line":231,"column":28}},"loc":{"start":{"line":231,"column":41},"end":{"line":231,"column":67}},"line":231},"21":{"name":"(anonymous_21)","decl":{"start":{"line":233,"column":28},"end":{"line":233,"column":29}},"loc":{"start":{"line":233,"column":48},"end":{"line":235,"column":1}},"line":233},"22":{"name":"(anonymous_22)","decl":{"start":{"line":237,"column":31},"end":{"line":237,"column":32}},"loc":{"start":{"line":237,"column":45},"end":{"line":239,"column":1}},"line":237},"23":{"name":"(anonymous_23)","decl":{"start":{"line":241,"column":47},"end":{"line":241,"column":48}},"loc":{"start":{"line":241,"column":61},"end":{"line":243,"column":1}},"line":241},"24":{"name":"(anonymous_24)","decl":{"start":{"line":245,"column":47},"end":{"line":245,"column":48}},"loc":{"start":{"line":245,"column":61},"end":{"line":247,"column":1}},"line":245},"25":{"name":"(anonymous_25)","decl":{"start":{"line":249,"column":49},"end":{"line":249,"column":50}},"loc":{"start":{"line":249,"column":63},"end":{"line":251,"column":1}},"line":249},"26":{"name":"(anonymous_26)","decl":{"start":{"line":253,"column":44},"end":{"line":253,"column":45}},"loc":{"start":{"line":253,"column":58},"end":{"line":255,"column":1}},"line":253},"27":{"name":"(anonymous_27)","decl":{"start":{"line":257,"column":38},"end":{"line":257,"column":43}},"loc":{"start":{"line":257,"column":58},"end":{"line":281,"column":1}},"line":257},"28":{"name":"(anonymous_28)","decl":{"start":{"line":282,"column":39},"end":{"line":282,"column":44}},"loc":{"start":{"line":282,"column":59},"end":{"line":298,"column":1}},"line":282},"29":{"name":"(anonymous_29)","decl":{"start":{"line":301,"column":17},"end":{"line":301,"column":18}},"loc":{"start":{"line":301,"column":23},"end":{"line":303,"column":1}},"line":301}},"branchMap":{"0":{"loc":{"start":{"line":15,"column":39},"end":{"line":15,"column":82}},"type":"binary-expr","locations":[{"start":{"line":15,"column":39},"end":{"line":15,"column":74}},{"start":{"line":15,"column":78},"end":{"line":15,"column":82}}],"line":15},"1":{"loc":{"start":{"line":22,"column":16},"end":{"line":22,"column":36}},"type":"binary-expr","locations":[{"start":{"line":22,"column":16},"end":{"line":22,"column":30}},{"start":{"line":22,"column":34},"end":{"line":22,"column":36}}],"line":22},"2":{"loc":{"start":{"line":24,"column":16},"end":{"line":24,"column":36}},"type":"binary-expr","locations":[{"start":{"line":24,"column":16},"end":{"line":24,"column":30}},{"start":{"line":24,"column":34},"end":{"line":24,"column":36}}],"line":24},"3":{"loc":{"start":{"line":42,"column":12},"end":{"line":42,"column":59}},"type":"binary-expr","locations":[{"start":{"line":42,"column":12},"end":{"line":42,"column":38}},{"start":{"line":42,"column":42},"end":{"line":42,"column":59}}],"line":42},"4":{"loc":{"start":{"line":67,"column":4},"end":{"line":69,"column":null}},"type":"if","locations":[{"start":{"line":67,"column":4},"end":{"line":69,"column":null}},{"start":{},"end":{}}],"line":67},"5":{"loc":{"start":{"line":70,"column":4},"end":{"line":75,"column":null}},"type":"if","locations":[{"start":{"line":70,"column":4},"end":{"line":75,"column":null}},{"start":{},"end":{}}],"line":70},"6":{"loc":{"start":{"line":70,"column":8},"end":{"line":70,"column":85}},"type":"binary-expr","locations":[{"start":{"line":70,"column":8},"end":{"line":70,"column":22}},{"start":{"line":70,"column":26},"end":{"line":70,"column":35}},{"start":{"line":70,"column":39},"end":{"line":70,"column":85}}],"line":70},"7":{"loc":{"start":{"line":80,"column":4},"end":{"line":82,"column":null}},"type":"if","locations":[{"start":{"line":80,"column":4},"end":{"line":82,"column":null}},{"start":{},"end":{}}],"line":80},"8":{"loc":{"start":{"line":80,"column":8},"end":{"line":80,"column":68}},"type":"binary-expr","locations":[{"start":{"line":80,"column":8},"end":{"line":80,"column":34}},{"start":{"line":80,"column":38},"end":{"line":80,"column":68}}],"line":80},"9":{"loc":{"start":{"line":87,"column":4},"end":{"line":87,"column":null}},"type":"if","locations":[{"start":{"line":87,"column":4},"end":{"line":87,"column":null}},{"start":{},"end":{}}],"line":87},"10":{"loc":{"start":{"line":99,"column":4},"end":{"line":101,"column":null}},"type":"if","locations":[{"start":{"line":99,"column":4},"end":{"line":101,"column":null}},{"start":{},"end":{}}],"line":99},"11":{"loc":{"start":{"line":113,"column":23},"end":{"line":113,"column":42}},"type":"binary-expr","locations":[{"start":{"line":113,"column":23},"end":{"line":113,"column":36}},{"start":{"line":113,"column":40},"end":{"line":113,"column":42}}],"line":113},"12":{"loc":{"start":{"line":114,"column":20},"end":{"line":114,"column":41}},"type":"binary-expr","locations":[{"start":{"line":114,"column":20},"end":{"line":114,"column":35}},{"start":{"line":114,"column":39},"end":{"line":114,"column":41}}],"line":114},"13":{"loc":{"start":{"line":119,"column":4},"end":{"line":121,"column":null}},"type":"if","locations":[{"start":{"line":119,"column":4},"end":{"line":121,"column":null}},{"start":{},"end":{}}],"line":119},"14":{"loc":{"start":{"line":122,"column":4},"end":{"line":124,"column":null}},"type":"if","locations":[{"start":{"line":122,"column":4},"end":{"line":124,"column":null}},{"start":{},"end":{}}],"line":122},"15":{"loc":{"start":{"line":127,"column":4},"end":{"line":129,"column":null}},"type":"if","locations":[{"start":{"line":127,"column":4},"end":{"line":129,"column":null}},{"start":{},"end":{}}],"line":127},"16":{"loc":{"start":{"line":133,"column":4},"end":{"line":135,"column":null}},"type":"if","locations":[{"start":{"line":133,"column":4},"end":{"line":135,"column":null}},{"start":{},"end":{}}],"line":133},"17":{"loc":{"start":{"line":138,"column":25},"end":{"line":138,"column":79}},"type":"cond-expr","locations":[{"start":{"line":138,"column":51},"end":{"line":138,"column":67}},{"start":{"line":138,"column":70},"end":{"line":138,"column":79}}],"line":138},"18":{"loc":{"start":{"line":139,"column":23},"end":{"line":139,"column":70}},"type":"cond-expr","locations":[{"start":{"line":139,"column":49},"end":{"line":139,"column":58}},{"start":{"line":139,"column":61},"end":{"line":139,"column":70}}],"line":139},"19":{"loc":{"start":{"line":173,"column":4},"end":{"line":175,"column":null}},"type":"if","locations":[{"start":{"line":173,"column":4},"end":{"line":175,"column":null}},{"start":{},"end":{}}],"line":173},"20":{"loc":{"start":{"line":208,"column":20},"end":{"line":208,"column":61}},"type":"binary-expr","locations":[{"start":{"line":208,"column":20},"end":{"line":208,"column":53}},{"start":{"line":208,"column":57},"end":{"line":208,"column":61}}],"line":208},"21":{"loc":{"start":{"line":219,"column":4},"end":{"line":224,"column":null}},"type":"if","locations":[{"start":{"line":219,"column":4},"end":{"line":224,"column":null}},{"start":{},"end":{}}],"line":219},"22":{"loc":{"start":{"line":264,"column":31},"end":{"line":264,"column":77}},"type":"binary-expr","locations":[{"start":{"line":264,"column":31},"end":{"line":264,"column":48}},{"start":{"line":264,"column":52},"end":{"line":264,"column":71}},{"start":{"line":264,"column":75},"end":{"line":264,"column":77}}],"line":264},"23":{"loc":{"start":{"line":265,"column":8},"end":{"line":271,"column":null}},"type":"if","locations":[{"start":{"line":265,"column":8},"end":{"line":271,"column":null}},{"start":{},"end":{}}],"line":265},"24":{"loc":{"start":{"line":300,"column":13},"end":{"line":300,"column":37}},"type":"binary-expr","locations":[{"start":{"line":300,"column":13},"end":{"line":300,"column":29}},{"start":{"line":300,"column":33},"end":{"line":300,"column":37}}],"line":300}},"s":{"0":1,"1":1,"2":1,"3":1,"4":1,"5":1,"6":1,"7":1,"8":1,"9":1,"10":1,"11":1,"12":0,"13":1,"14":1,"15":1,"16":1,"17":1,"18":6,"19":6,"20":0,"21":1,"22":1,"23":1,"24":1,"25":1,"26":1,"27":1,"28":12,"29":12,"30":2,"31":10,"32":1,"33":1,"34":1,"35":9,"36":0,"37":0,"38":0,"39":0,"40":0,"41":0,"42":1,"43":2,"44":1,"45":1,"46":1,"47":1,"48":1,"49":11,"50":11,"51":11,"52":11,"53":1,"54":10,"55":1,"56":9,"57":1,"58":8,"59":8,"60":1,"61":7,"62":11,"63":11,"64":11,"65":11,"66":11,"67":11,"68":11,"69":11,"70":11,"71":11,"72":7,"73":0,"74":11,"75":7,"76":0,"77":11,"78":1,"79":2,"80":1,"81":1,"82":1,"83":1,"84":1,"85":1,"86":0,"87":0,"88":0,"89":0,"90":1,"91":1,"92":1,"93":1,"94":1,"95":0,"96":1,"97":1,"98":1,"99":1,"100":1,"101":1,"102":1,"103":1,"104":1,"105":1,"106":1,"107":1,"108":1,"109":1,"110":1,"111":2,"112":2,"113":2,"114":2,"115":0,"116":2,"117":1,"118":1,"119":1,"120":1,"121":2,"122":2,"123":2,"124":1,"125":1,"126":1,"127":1,"128":1,"129":1},"f":{"0":6,"1":6,"2":0,"3":12,"4":1,"5":0,"6":0,"7":2,"8":1,"9":11,"10":7,"11":0,"12":7,"13":0,"14":2,"15":1,"16":1,"17":0,"18":1,"19":1,"20":1,"21":1,"22":1,"23":1,"24":1,"25":1,"26":1,"27":2,"28":2,"29":1},"b":{"0":[1,1],"1":[1,0],"2":[1,0],"3":[1,1],"4":[2,10],"5":[1,9],"6":[10,10,10],"7":[0,0],"8":[0,0],"9":[0,0],"10":[1,1],"11":[11,1],"12":[11,1],"13":[1,10],"14":[1,9],"15":[1,8],"16":[1,7],"17":[1,6],"18":[1,6],"19":[1,1],"20":[0,0],"21":[1,0],"22":[2,2,0],"23":[0,2],"24":[1,1]},"meta":{"lastBranch":25,"lastFunction":30,"lastStatement":130,"seen":{"s:4:93:4:132":0,"s:10:19:10:49":1,"s:11:18:11:42":2,"s:14:19:14:28":3,"s:15:32:15:83":4,"b:15:39:15:74:15:78:15:82":0,"s:18:16:18:18":5,"s:19:16:19:18":6,"s:20:0:27:Infinity":7,"s:21:19:21:98":8,"s:22:4:22:Infinity":9,"b:22:16:22:30:22:34:22:36":1,"s:23:19:23:98":10,"s:24:4:24:Infinity":11,"b:24:16:24:30:24:34:24:36":2,"s:26:4:26:Infinity":12,"s:30:11:30:21":13,"s:31:0:31:Infinity":14,"s:32:0:32:Infinity":15,"s:33:0:33:Infinity":16,"s:34:0:38:Infinity":17,"f:34:19:34:20":0,"s:35:4:37:Infinity":18,"f:36:14:36:15":1,"s:36:36:36:74":19,"f:37:15:37:18":2,"s:37:22:37:29":20,"s:39:0:39:Infinity":21,"s:41:0:49:Infinity":22,"b:42:12:42:38:42:42:42:59":3,"s:51:0:51:Infinity":23,"s:52:0:52:Infinity":24,"s:53:0:53:Infinity":25,"s:54:0:57:Infinity":26,"s:58:0:61:Infinity":27,"f:65:9:65:21":3,"s:66:57:66:68":28,"b:67:4:69:Infinity:undefined:undefined:undefined:undefined":4,"s:67:4:69:Infinity":29,"s:68:8:68:Infinity":30,"b:70:4:75:Infinity:undefined:undefined:undefined:undefined":5,"s:70:4:75:Infinity":31,"b:70:8:70:22:70:26:70:35:70:39:70:85":6,"s:71:8:73:Infinity":32,"f:71:28:71:29":4,"s:72:12:72:Infinity":33,"s:74:8:74:Infinity":34,"s:76:4:76:Infinity":35,"f:79:9:79:23":5,"b:80:4:82:Infinity:undefined:undefined:undefined:undefined":7,"s:80:4:82:Infinity":36,"b:80:8:80:34:80:38:80:68":8,"s:81:8:81:Infinity":37,"s:83:4:83:Infinity":38,"f:86:9:86:34":6,"b:87:4:87:Infinity:undefined:undefined:undefined:undefined":9,"s:87:4:87:Infinity":39,"s:87:36:87:Infinity":40,"s:88:4:94:Infinity":41,"s:98:0:103:Infinity":42,"f:98:13:98:18":7,"b:99:4:101:Infinity:undefined:undefined:undefined:undefined":10,"s:99:4:101:Infinity":43,"s:100:8:100:Infinity":44,"s:102:4:102:Infinity":45,"s:105:0:110:Infinity":46,"f:105:23:105:28":8,"s:106:4:109:Infinity":47,"s:112:0:170:Infinity":48,"f:112:24:112:29":9,"s:113:22:113:57":49,"b:113:23:113:36:113:40:113:42":11,"s:114:19:114:49":50,"b:114:20:114:35:114:39:114:41":12,"s:116:25:116:47":51,"b:119:4:121:Infinity:undefined:undefined:undefined:undefined":13,"s:119:4:121:Infinity":52,"s:120:8:120:Infinity":53,"b:122:4:124:Infinity:undefined:undefined:undefined:undefined":14,"s:122:4:124:Infinity":54,"s:123:8:123:Infinity":55,"b:127:4:129:Infinity:undefined:undefined:undefined:undefined":15,"s:127:4:129:Infinity":56,"s:128:8:128:Infinity":57,"s:132:34:132:51":58,"b:133:4:135:Infinity:undefined:undefined:undefined:undefined":16,"s:133:4:135:Infinity":59,"s:134:8:134:Infinity":60,"s:138:25:138:79":61,"b:138:51:138:67:138:70:138:79":17,"s:139:23:139:70":62,"b:139:49:139:58:139:61:139:70":18,"s:142:4:142:Infinity":63,"s:143:4:143:35":64,"s:144:4:144:Infinity":65,"s:145:4:145:Infinity":66,"s:146:4:146:Infinity":67,"s:147:4:147:Infinity":68,"s:148:4:148:Infinity":69,"s:149:4:149:Infinity":70,"s:154:3:161:Infinity":71,"f:157:12:157:18":10,"s:158:8:158:Infinity":72,"f:159:13:159:16":11,"s:160:8:160:Infinity":73,"s:163:3:167:Infinity":74,"f:163:28:163:29":12,"s:164:4:164:Infinity":75,"f:165:17:165:20":13,"s:166:4:166:74":76,"s:169:4:169:Infinity":77,"s:172:0:184:Infinity":78,"f:172:24:172:25":14,"b:173:4:175:Infinity:undefined:undefined:undefined:undefined":19,"s:173:4:175:Infinity":79,"s:174:8:174:Infinity":80,"s:177:4:183:Infinity":81,"s:186:0:190:Infinity":82,"f:186:24:186:25":15,"s:187:4:189:Infinity":83,"f:187:24:187:25":16,"s:188:8:188:Infinity":84,"s:193:0:215:Infinity":85,"f:193:36:193:41":17,"s:194:24:194:54":86,"s:197:24:206:5":87,"s:208:20:208:61":88,"b:208:20:208:53:208:57:208:61":20,"s:210:4:214:Infinity":89,"s:218:0:228:Infinity":90,"f:218:40:218:45":18,"b:219:4:224:Infinity:undefined:undefined:undefined:undefined":21,"s:219:4:224:Infinity":91,"s:220:8:222:Infinity":92,"f:220:28:220:29":19,"s:221:12:221:Infinity":93,"s:223:8:223:Infinity":94,"s:225:4:227:Infinity":95,"s:231:0:231:Infinity":96,"f:231:27:231:28":20,"s:231:41:231:67":97,"s:233:0:235:Infinity":98,"f:233:28:233:29":21,"s:234:4:234:Infinity":99,"s:237:0:239:Infinity":100,"f:237:31:237:32":22,"s:238:4:238:Infinity":101,"s:241:0:243:Infinity":102,"f:241:47:241:48":23,"s:242:4:242:Infinity":103,"s:245:0:247:Infinity":104,"f:245:47:245:48":24,"s:246:4:246:Infinity":105,"s:249:0:251:Infinity":106,"f:249:49:249:50":25,"s:250:4:250:Infinity":107,"s:253:0:255:Infinity":108,"f:253:44:253:45":26,"s:254:4:254:Infinity":109,"s:257:0:281:Infinity":110,"f:257:38:257:43":27,"s:258:4:280:Infinity":111,"s:259:8:263:Infinity":112,"s:264:30:264:85":113,"b:264:31:264:48:264:52:264:71:264:75:264:77":22,"b:265:8:271:Infinity:undefined:undefined:undefined:undefined":23,"s:265:8:271:Infinity":114,"s:266:12:270:Infinity":115,"s:272:8:275:Infinity":116,"s:276:8:276:Infinity":117,"s:278:8:278:Infinity":118,"s:279:8:279:Infinity":119,"s:282:0:298:Infinity":120,"f:282:39:282:44":28,"s:283:4:297:Infinity":121,"s:284:8:284:Infinity":122,"s:287:22:287:46":123,"s:289:8:293:Infinity":124,"s:295:8:295:Infinity":125,"s:296:8:296:Infinity":126,"s:300:13:300:37":127,"b:300:13:300:29:300:33:300:37":24,"s:301:0:303:Infinity":128,"f:301:17:301:18":29,"s:302:4:302:Infinity":129}}}
,"/home/robin/SoftwareEng/scripts/timetable.js": {"path":"/home/robin/SoftwareEng/scripts/timetable.js","statementMap":{"0":{"start":{"line":5,"column":14},"end":{"line":5,"column":16}},"1":{"start":{"line":6,"column":18},"end":{"line":6,"column":19}},"2":{"start":{"line":7,"column":16},"end":{"line":7,"column":18}},"3":{"start":{"line":8,"column":20},"end":{"line":8,"column":22}},"4":{"start":{"line":9,"column":21},"end":{"line":9,"column":37}},"5":{"start":{"line":13,"column":23},"end":{"line":13,"column":60}},"6":{"start":{"line":14,"column":23},"end":{"line":14,"column":60}},"7":{"start":{"line":15,"column":0},"end":{"line":17,"column":null}},"8":{"start":{"line":16,"column":4},"end":{"line":16,"column":null}},"9":{"start":{"line":18,"column":0},"end":{"line":20,"column":null}},"10":{"start":{"line":19,"column":4},"end":{"line":19,"column":null}},"11":{"start":{"line":25,"column":16},"end":{"line":25,"column":43}},"12":{"start":{"line":26,"column":4},"end":{"line":26,"column":29}},"13":{"start":{"line":26,"column":17},"end":{"line":26,"column":29}},"14":{"start":{"line":28,"column":20},"end":{"line":28,"column":36}},"15":{"start":{"line":30,"column":4},"end":{"line":32,"column":null}},"16":{"start":{"line":31,"column":8},"end":{"line":31,"column":null}},"17":{"start":{"line":34,"column":4},"end":{"line":34,"column":49}},"18":{"start":{"line":39,"column":29},"end":{"line":39,"column":59}},"19":{"start":{"line":40,"column":4},"end":{"line":40,"column":null}},"20":{"start":{"line":45,"column":18},"end":{"line":45,"column":28}},"21":{"start":{"line":46,"column":16},"end":{"line":46,"column":30}},"22":{"start":{"line":47,"column":17},"end":{"line":47,"column":61}},"23":{"start":{"line":48,"column":19},"end":{"line":48,"column":48}},"24":{"start":{"line":49,"column":4},"end":{"line":49,"column":null}},"25":{"start":{"line":54,"column":14},"end":{"line":54,"column":28}},"26":{"start":{"line":55,"column":4},"end":{"line":55,"column":null}},"27":{"start":{"line":56,"column":4},"end":{"line":56,"column":null}},"28":{"start":{"line":61,"column":14},"end":{"line":61,"column":28}},"29":{"start":{"line":62,"column":4},"end":{"line":62,"column":null}},"30":{"start":{"line":63,"column":4},"end":{"line":63,"column":null}},"31":{"start":{"line":68,"column":4},"end":{"line":68,"column":null}},"32":{"start":{"line":69,"column":4},"end":{"line":69,"column":null}},"33":{"start":{"line":70,"column":4},"end":{"line":70,"column":null}},"34":{"start":{"line":71,"column":4},"end":{"line":71,"column":null}},"35":{"start":{"line":76,"column":4},"end":{"line":76,"column":null}},"36":{"start":{"line":77,"column":4},"end":{"line":77,"column":null}},"37":{"start":{"line":78,"column":4},"end":{"line":78,"column":null}},"38":{"start":{"line":79,"column":4},"end":{"line":81,"column":null}},"39":{"start":{"line":80,"column":8},"end":{"line":80,"column":null}},"40":{"start":{"line":82,"column":4},"end":{"line":82,"column":null}},"41":{"start":{"line":87,"column":17},"end":{"line":93,"column":5}},"42":{"start":{"line":95,"column":15},"end":{"line":95,"column":49}},"43":{"start":{"line":98,"column":23},"end":{"line":98,"column":47}},"44":{"start":{"line":99,"column":4},"end":{"line":102,"column":null}},"45":{"start":{"line":100,"column":8},"end":{"line":100,"column":null}},"46":{"start":{"line":101,"column":8},"end":{"line":101,"column":null}},"47":{"start":{"line":103,"column":4},"end":{"line":103,"column":null}},"48":{"start":{"line":106,"column":4},"end":{"line":128,"column":null}},"49":{"start":{"line":106,"column":20},"end":{"line":106,"column":29}},"50":{"start":{"line":107,"column":8},"end":{"line":127,"column":null}},"51":{"start":{"line":107,"column":24},"end":{"line":107,"column":25}},"52":{"start":{"line":108,"column":24},"end":{"line":108,"column":42}},"53":{"start":{"line":109,"column":32},"end":{"line":109,"column":96}},"54":{"start":{"line":110,"column":12},"end":{"line":110,"column":null}},"55":{"start":{"line":113,"column":12},"end":{"line":118,"column":null}},"56":{"start":{"line":114,"column":33},"end":{"line":114,"column":41}},"57":{"start":{"line":115,"column":16},"end":{"line":117,"column":null}},"58":{"start":{"line":121,"column":12},"end":{"line":125,"column":null}},"59":{"start":{"line":122,"column":16},"end":{"line":124,"column":null}},"60":{"start":{"line":126,"column":12},"end":{"line":126,"column":null}},"61":{"start":{"line":129,"column":4},"end":{"line":129,"column":null}},"62":{"start":{"line":130,"column":4},"end":{"line":130,"column":null}},"63":{"start":{"line":135,"column":14},"end":{"line":135,"column":53}},"64":{"start":{"line":136,"column":14},"end":{"line":136,"column":58}},"65":{"start":{"line":137,"column":14},"end":{"line":137,"column":32}},"66":{"start":{"line":138,"column":4},"end":{"line":138,"column":null}},"67":{"start":{"line":143,"column":19},"end":{"line":143,"column":21}},"68":{"start":{"line":144,"column":4},"end":{"line":153,"column":null}},"69":{"start":{"line":145,"column":15},"end":{"line":145,"column":23}},"70":{"start":{"line":147,"column":8},"end":{"line":147,"column":null}},"71":{"start":{"line":148,"column":8},"end":{"line":148,"column":null}},"72":{"start":{"line":151,"column":8},"end":{"line":151,"column":null}},"73":{"start":{"line":152,"column":8},"end":{"line":152,"column":null}},"74":{"start":{"line":158,"column":26},"end":{"line":158,"column":48}},"75":{"start":{"line":159,"column":4},"end":{"line":159,"column":null}},"76":{"start":{"line":159,"column":29},"end":{"line":159,"column":60}},"77":{"start":{"line":164,"column":26},"end":{"line":164,"column":44}},"78":{"start":{"line":165,"column":4},"end":{"line":165,"column":null}},"79":{"start":{"line":166,"column":4},"end":{"line":166,"column":null}},"80":{"start":{"line":167,"column":4},"end":{"line":167,"column":null}},"81":{"start":{"line":168,"column":4},"end":{"line":168,"column":null}},"82":{"start":{"line":172,"column":31},"end":{"line":172,"column":77}},"83":{"start":{"line":173,"column":4},"end":{"line":173,"column":null}},"84":{"start":{"line":176,"column":4},"end":{"line":176,"column":null}},"85":{"start":{"line":177,"column":4},"end":{"line":198,"column":null}},"86":{"start":{"line":179,"column":23},"end":{"line":179,"column":59}},"87":{"start":{"line":180,"column":24},"end":{"line":180,"column":72}},"88":{"start":{"line":181,"column":26},"end":{"line":181,"column":74}},"89":{"start":{"line":182,"column":25},"end":{"line":182,"column":73}},"90":{"start":{"line":183,"column":23},"end":{"line":183,"column":71}},"91":{"start":{"line":186,"column":8},"end":{"line":186,"column":null}},"92":{"start":{"line":186,"column":21},"end":{"line":186,"column":71}},"93":{"start":{"line":188,"column":8},"end":{"line":188,"column":null}},"94":{"start":{"line":188,"column":22},"end":{"line":188,"column":73}},"95":{"start":{"line":190,"column":8},"end":{"line":190,"column":null}},"96":{"start":{"line":190,"column":24},"end":{"line":190,"column":77}},"97":{"start":{"line":192,"column":8},"end":{"line":192,"column":null}},"98":{"start":{"line":192,"column":23},"end":{"line":192,"column":75}},"99":{"start":{"line":194,"column":8},"end":{"line":194,"column":null}},"100":{"start":{"line":194,"column":21},"end":{"line":194,"column":71}},"101":{"start":{"line":197,"column":8},"end":{"line":197,"column":null}},"102":{"start":{"line":204,"column":29},"end":{"line":204,"column":59}},"103":{"start":{"line":205,"column":20},"end":{"line":205,"column":37}},"104":{"start":{"line":206,"column":4},"end":{"line":206,"column":null}},"105":{"start":{"line":210,"column":18},"end":{"line":210,"column":20}},"106":{"start":{"line":212,"column":18},"end":{"line":212,"column":49}},"107":{"start":{"line":213,"column":18},"end":{"line":213,"column":47}},"108":{"start":{"line":215,"column":4},"end":{"line":228,"column":null}},"109":{"start":{"line":216,"column":18},"end":{"line":216,"column":46}},"110":{"start":{"line":217,"column":18},"end":{"line":217,"column":44}},"111":{"start":{"line":219,"column":8},"end":{"line":219,"column":null}},"112":{"start":{"line":219,"column":28},"end":{"line":219,"column":null}},"113":{"start":{"line":220,"column":8},"end":{"line":220,"column":null}},"114":{"start":{"line":220,"column":37},"end":{"line":220,"column":null}},"115":{"start":{"line":222,"column":21},"end":{"line":222,"column":39}},"116":{"start":{"line":223,"column":21},"end":{"line":223,"column":37}},"117":{"start":{"line":225,"column":8},"end":{"line":227,"column":null}},"118":{"start":{"line":225,"column":21},"end":{"line":225,"column":25}},"119":{"start":{"line":226,"column":12},"end":{"line":226,"column":null}},"120":{"start":{"line":230,"column":4},"end":{"line":230,"column":null}},"121":{"start":{"line":234,"column":4},"end":{"line":240,"column":null}},"122":{"start":{"line":235,"column":24},"end":{"line":235,"column":66}},"123":{"start":{"line":237,"column":8},"end":{"line":237,"column":null}},"124":{"start":{"line":237,"column":27},"end":{"line":237,"column":null}},"125":{"start":{"line":238,"column":8},"end":{"line":238,"column":null}},"126":{"start":{"line":238,"column":27},"end":{"line":238,"column":null}},"127":{"start":{"line":239,"column":8},"end":{"line":239,"column":null}},"128":{"start":{"line":239,"column":26},"end":{"line":239,"column":null}},"129":{"start":{"line":244,"column":26},"end":{"line":244,"column":120}},"130":{"start":{"line":245,"column":31},"end":{"line":245,"column":81}},"131":{"start":{"line":246,"column":23},"end":{"line":246,"column":49}},"132":{"start":{"line":247,"column":29},"end":{"line":247,"column":89}},"133":{"start":{"line":249,"column":4},"end":{"line":249,"column":null}},"134":{"start":{"line":253,"column":4},"end":{"line":253,"column":null}},"135":{"start":{"line":254,"column":27},"end":{"line":254,"column":106}},"136":{"start":{"line":255,"column":26},"end":{"line":255,"column":120}},"137":{"start":{"line":257,"column":31},"end":{"line":257,"column":81}},"138":{"start":{"line":258,"column":23},"end":{"line":258,"column":49}},"139":{"start":{"line":259,"column":29},"end":{"line":259,"column":89}},"140":{"start":{"line":260,"column":17},"end":{"line":260,"column":18}},"141":{"start":{"line":261,"column":21},"end":{"line":261,"column":23}},"142":{"start":{"line":262,"column":25},"end":{"line":262,"column":58}},"143":{"start":{"line":264,"column":4},"end":{"line":291,"column":null}},"144":{"start":{"line":264,"column":17},"end":{"line":264,"column":19}},"145":{"start":{"line":266,"column":8},"end":{"line":290,"column":null}},"146":{"start":{"line":267,"column":30},"end":{"line":267,"column":95}},"147":{"start":{"line":268,"column":36},"end":{"line":268,"column":73}},"148":{"start":{"line":269,"column":12},"end":{"line":273,"column":null}},"149":{"start":{"line":271,"column":16},"end":{"line":271,"column":null}},"150":{"start":{"line":272,"column":16},"end":{"line":272,"column":null}},"151":{"start":{"line":274,"column":8},"end":{"line":274,"column":17}},"152":{"start":{"line":276,"column":32},"end":{"line":276,"column":86}},"153":{"start":{"line":277,"column":31},"end":{"line":277,"column":70}},"154":{"start":{"line":278,"column":12},"end":{"line":278,"column":null}},"155":{"start":{"line":278,"column":29},"end":{"line":278,"column":null}},"156":{"start":{"line":279,"column":31},"end":{"line":279,"column":64}},"157":{"start":{"line":280,"column":12},"end":{"line":289,"column":null}},"158":{"start":{"line":281,"column":30},"end":{"line":281,"column":62}},"159":{"start":{"line":282,"column":42},"end":{"line":282,"column":51}},"160":{"start":{"line":284,"column":16},"end":{"line":288,"column":null}},"161":{"start":{"line":285,"column":20},"end":{"line":285,"column":null}},"162":{"start":{"line":286,"column":20},"end":{"line":286,"column":null}},"163":{"start":{"line":287,"column":20},"end":{"line":287,"column":null}},"164":{"start":{"line":293,"column":4},"end":{"line":293,"column":null}},"165":{"start":{"line":294,"column":26},"end":{"line":294,"column":75}},"166":{"start":{"line":295,"column":22},"end":{"line":299,"column":6}},"167":{"start":{"line":297,"column":26},"end":{"line":297,"column":52}},"168":{"start":{"line":298,"column":8},"end":{"line":298,"column":40}},"169":{"start":{"line":300,"column":4},"end":{"line":300,"column":null}},"170":{"start":{"line":301,"column":4},"end":{"line":301,"column":null}},"171":{"start":{"line":305,"column":27},"end":{"line":305,"column":106}},"172":{"start":{"line":306,"column":26},"end":{"line":306,"column":120}},"173":{"start":{"line":307,"column":31},"end":{"line":307,"column":81}},"174":{"start":{"line":308,"column":23},"end":{"line":308,"column":49}},"175":{"start":{"line":309,"column":29},"end":{"line":309,"column":93}},"176":{"start":{"line":310,"column":25},"end":{"line":310,"column":58}},"177":{"start":{"line":313,"column":30},"end":{"line":313,"column":41}},"178":{"start":{"line":314,"column":27},"end":{"line":314,"column":48}},"179":{"start":{"line":317,"column":4},"end":{"line":329,"column":null}},"180":{"start":{"line":317,"column":17},"end":{"line":317,"column":18}},"181":{"start":{"line":318,"column":28},"end":{"line":318,"column":82}},"182":{"start":{"line":319,"column":28},"end":{"line":319,"column":70}},"183":{"start":{"line":321,"column":8},"end":{"line":328,"column":null}},"184":{"start":{"line":322,"column":26},"end":{"line":322,"column":58}},"185":{"start":{"line":323,"column":35},"end":{"line":323,"column":44}},"186":{"start":{"line":324,"column":12},"end":{"line":327,"column":null}},"187":{"start":{"line":325,"column":28},"end":{"line":325,"column":61}},"188":{"start":{"line":326,"column":16},"end":{"line":326,"column":null}},"189":{"start":{"line":332,"column":24},"end":{"line":332,"column":57}},"190":{"start":{"line":333,"column":4},"end":{"line":336,"column":null}},"191":{"start":{"line":335,"column":8},"end":{"line":335,"column":null}},"192":{"start":{"line":339,"column":23},"end":{"line":339,"column":53}},"193":{"start":{"line":340,"column":4},"end":{"line":340,"column":null}},"194":{"start":{"line":341,"column":22},"end":{"line":341,"column":79}},"195":{"start":{"line":342,"column":4},"end":{"line":342,"column":null}},"196":{"start":{"line":343,"column":4},"end":{"line":343,"column":null}}},"fnMap":{"0":{"name":"bindWeekButtons","decl":{"start":{"line":12,"column":9},"end":{"line":12,"column":24}},"loc":{"start":{"line":12,"column":27},"end":{"line":21,"column":null}},"line":12},"1":{"name":"(anonymous_1)","decl":{"start":{"line":15,"column":41},"end":{"line":15,"column":42}},"loc":{"start":{"line":15,"column":47},"end":{"line":17,"column":1}},"line":15},"2":{"name":"(anonymous_2)","decl":{"start":{"line":18,"column":41},"end":{"line":18,"column":42}},"loc":{"start":{"line":18,"column":47},"end":{"line":20,"column":1}},"line":18},"3":{"name":"loadCourse","decl":{"start":{"line":24,"column":15},"end":{"line":24,"column":25}},"loc":{"start":{"line":24,"column":28},"end":{"line":35,"column":null}},"line":24},"4":{"name":"timeToMinutes","decl":{"start":{"line":38,"column":9},"end":{"line":38,"column":22}},"loc":{"start":{"line":38,"column":32},"end":{"line":41,"column":null}},"line":38},"5":{"name":"getCurrentMonday","decl":{"start":{"line":44,"column":9},"end":{"line":44,"column":25}},"loc":{"start":{"line":44,"column":27},"end":{"line":50,"column":null}},"line":44},"6":{"name":"addWeeks","decl":{"start":{"line":53,"column":9},"end":{"line":53,"column":17}},"loc":{"start":{"line":53,"column":31},"end":{"line":57,"column":null}},"line":53},"7":{"name":"addDays","decl":{"start":{"line":60,"column":9},"end":{"line":60,"column":16}},"loc":{"start":{"line":60,"column":29},"end":{"line":64,"column":null}},"line":60},"8":{"name":"showNextWeek","decl":{"start":{"line":67,"column":15},"end":{"line":67,"column":27}},"loc":{"start":{"line":67,"column":29},"end":{"line":72,"column":null}},"line":67},"9":{"name":"showPreviousWeek","decl":{"start":{"line":75,"column":15},"end":{"line":75,"column":31}},"loc":{"start":{"line":75,"column":33},"end":{"line":83,"column":null}},"line":75},"10":{"name":"createEmptyTimetableHTML","decl":{"start":{"line":86,"column":9},"end":{"line":86,"column":33}},"loc":{"start":{"line":86,"column":36},"end":{"line":131,"column":null}},"line":86},"11":{"name":"(anonymous_11)","decl":{"start":{"line":99,"column":17},"end":{"line":99,"column":18}},"loc":{"start":{"line":99,"column":22},"end":{"line":102,"column":5}},"line":99},"12":{"name":"(anonymous_12)","decl":{"start":{"line":121,"column":25},"end":{"line":121,"column":26}},"loc":{"start":{"line":121,"column":30},"end":{"line":125,"column":13}},"line":121},"13":{"name":"formatDate","decl":{"start":{"line":134,"column":9},"end":{"line":134,"column":19}},"loc":{"start":{"line":134,"column":26},"end":{"line":139,"column":null}},"line":134},"14":{"name":"fetchTimetableData","decl":{"start":{"line":142,"column":9},"end":{"line":142,"column":27}},"loc":{"start":{"line":142,"column":36},"end":{"line":154,"column":null}},"line":142},"15":{"name":"(anonymous_15)","decl":{"start":{"line":145,"column":10},"end":{"line":145,"column":11}},"loc":{"start":{"line":145,"column":15},"end":{"line":145,"column":23}},"line":145},"16":{"name":"(anonymous_16)","decl":{"start":{"line":146,"column":10},"end":{"line":146,"column":14}},"loc":{"start":{"line":146,"column":18},"end":{"line":149,"column":5}},"line":146},"17":{"name":"(anonymous_17)","decl":{"start":{"line":150,"column":11},"end":{"line":150,"column":14}},"loc":{"start":{"line":150,"column":18},"end":{"line":153,"column":5}},"line":150},"18":{"name":"findDayData","decl":{"start":{"line":157,"column":9},"end":{"line":157,"column":20}},"loc":{"start":{"line":157,"column":42},"end":{"line":160,"column":null}},"line":157},"19":{"name":"(anonymous_19)","decl":{"start":{"line":159,"column":24},"end":{"line":159,"column":25}},"loc":{"start":{"line":159,"column":29},"end":{"line":159,"column":60}},"line":159},"20":{"name":"initDates","decl":{"start":{"line":163,"column":16},"end":{"line":163,"column":25}},"loc":{"start":{"line":163,"column":28},"end":{"line":169,"column":null}},"line":163},"21":{"name":"renderSelectedWeek","decl":{"start":{"line":171,"column":22},"end":{"line":171,"column":40}},"loc":{"start":{"line":171,"column":49},"end":{"line":199,"column":null}},"line":171},"22":{"name":"timeToQuarterIndex","decl":{"start":{"line":203,"column":9},"end":{"line":203,"column":27}},"loc":{"start":{"line":203,"column":37},"end":{"line":207,"column":null}},"line":203},"23":{"name":"maxSimultaneousOverlaps","decl":{"start":{"line":209,"column":9},"end":{"line":209,"column":32}},"loc":{"start":{"line":209,"column":55},"end":{"line":231,"column":null}},"line":209},"24":{"name":"renderDayAppointments","decl":{"start":{"line":233,"column":9},"end":{"line":233,"column":30}},"loc":{"start":{"line":233,"column":52},"end":{"line":241,"column":null}},"line":233},"25":{"name":"(anonymous_25)","decl":{"start":{"line":234,"column":25},"end":{"line":234,"column":28}},"loc":{"start":{"line":234,"column":32},"end":{"line":240,"column":5}},"line":234},"26":{"name":"renderSingle","decl":{"start":{"line":243,"column":9},"end":{"line":243,"column":21}},"loc":{"start":{"line":243,"column":34},"end":{"line":250,"column":null}},"line":243},"27":{"name":"renderDouble","decl":{"start":{"line":252,"column":9},"end":{"line":252,"column":21}},"loc":{"start":{"line":252,"column":34},"end":{"line":302,"column":null}},"line":252},"28":{"name":"(anonymous_28)","decl":{"start":{"line":295,"column":53},"end":{"line":295,"column":56}},"loc":{"start":{"line":295,"column":60},"end":{"line":299,"column":5}},"line":295},"29":{"name":"renderTriple","decl":{"start":{"line":304,"column":9},"end":{"line":304,"column":21}},"loc":{"start":{"line":304,"column":35},"end":{"line":344,"column":null}},"line":304},"30":{"name":"(anonymous_30)","decl":{"start":{"line":321,"column":28},"end":{"line":321,"column":38}},"loc":{"start":{"line":321,"column":42},"end":{"line":328,"column":9}},"line":321}},"branchMap":{"0":{"loc":{"start":{"line":26,"column":4},"end":{"line":26,"column":29}},"type":"if","locations":[{"start":{"line":26,"column":4},"end":{"line":26,"column":29}},{"start":{},"end":{}}],"line":26},"1":{"loc":{"start":{"line":30,"column":4},"end":{"line":32,"column":null}},"type":"if","locations":[{"start":{"line":30,"column":4},"end":{"line":32,"column":null}},{"start":{},"end":{}}],"line":30},"2":{"loc":{"start":{"line":30,"column":8},"end":{"line":30,"column":49}},"type":"binary-expr","locations":[{"start":{"line":30,"column":8},"end":{"line":30,"column":30}},{"start":{"line":30,"column":34},"end":{"line":30,"column":49}}],"line":30},"3":{"loc":{"start":{"line":47,"column":42},"end":{"line":47,"column":60}},"type":"cond-expr","locations":[{"start":{"line":47,"column":54},"end":{"line":47,"column":56}},{"start":{"line":47,"column":59},"end":{"line":47,"column":60}}],"line":47},"4":{"loc":{"start":{"line":79,"column":4},"end":{"line":81,"column":null}},"type":"if","locations":[{"start":{"line":79,"column":4},"end":{"line":81,"column":null}},{"start":{},"end":{}}],"line":79},"5":{"loc":{"start":{"line":113,"column":12},"end":{"line":118,"column":null}},"type":"if","locations":[{"start":{"line":113,"column":12},"end":{"line":118,"column":null}},{"start":{},"end":{}}],"line":113},"6":{"loc":{"start":{"line":177,"column":4},"end":{"line":198,"column":null}},"type":"if","locations":[{"start":{"line":177,"column":4},"end":{"line":198,"column":null}},{"start":{"line":196,"column":10},"end":{"line":198,"column":null}}],"line":177},"7":{"loc":{"start":{"line":186,"column":8},"end":{"line":186,"column":null}},"type":"if","locations":[{"start":{"line":186,"column":8},"end":{"line":186,"column":null}},{"start":{},"end":{}}],"line":186},"8":{"loc":{"start":{"line":188,"column":8},"end":{"line":188,"column":null}},"type":"if","locations":[{"start":{"line":188,"column":8},"end":{"line":188,"column":null}},{"start":{},"end":{}}],"line":188},"9":{"loc":{"start":{"line":190,"column":8},"end":{"line":190,"column":null}},"type":"if","locations":[{"start":{"line":190,"column":8},"end":{"line":190,"column":null}},{"start":{},"end":{}}],"line":190},"10":{"loc":{"start":{"line":192,"column":8},"end":{"line":192,"column":null}},"type":"if","locations":[{"start":{"line":192,"column":8},"end":{"line":192,"column":null}},{"start":{},"end":{}}],"line":192},"11":{"loc":{"start":{"line":194,"column":8},"end":{"line":194,"column":null}},"type":"if","locations":[{"start":{"line":194,"column":8},"end":{"line":194,"column":null}},{"start":{},"end":{}}],"line":194},"12":{"loc":{"start":{"line":219,"column":8},"end":{"line":219,"column":null}},"type":"if","locations":[{"start":{"line":219,"column":8},"end":{"line":219,"column":null}},{"start":{},"end":{}}],"line":219},"13":{"loc":{"start":{"line":220,"column":8},"end":{"line":220,"column":null}},"type":"if","locations":[{"start":{"line":220,"column":8},"end":{"line":220,"column":null}},{"start":{},"end":{}}],"line":220},"14":{"loc":{"start":{"line":220,"column":14},"end":{"line":220,"column":34}},"type":"binary-expr","locations":[{"start":{"line":220,"column":14},"end":{"line":220,"column":23}},{"start":{"line":220,"column":27},"end":{"line":220,"column":34}}],"line":220},"15":{"loc":{"start":{"line":226,"column":24},"end":{"line":226,"column":37}},"type":"binary-expr","locations":[{"start":{"line":226,"column":24},"end":{"line":226,"column":32}},{"start":{"line":226,"column":36},"end":{"line":226,"column":37}}],"line":226},"16":{"loc":{"start":{"line":237,"column":8},"end":{"line":237,"column":null}},"type":"if","locations":[{"start":{"line":237,"column":8},"end":{"line":237,"column":null}},{"start":{},"end":{}}],"line":237},"17":{"loc":{"start":{"line":238,"column":8},"end":{"line":238,"column":null}},"type":"if","locations":[{"start":{"line":238,"column":8},"end":{"line":238,"column":null}},{"start":{},"end":{}}],"line":238},"18":{"loc":{"start":{"line":239,"column":8},"end":{"line":239,"column":null}},"type":"if","locations":[{"start":{"line":239,"column":8},"end":{"line":239,"column":null}},{"start":{},"end":{}}],"line":239},"19":{"loc":{"start":{"line":266,"column":8},"end":{"line":290,"column":null}},"type":"if","locations":[{"start":{"line":266,"column":8},"end":{"line":290,"column":null}},{"start":{"line":275,"column":13},"end":{"line":290,"column":null}}],"line":266},"20":{"loc":{"start":{"line":269,"column":12},"end":{"line":273,"column":null}},"type":"if","locations":[{"start":{"line":269,"column":12},"end":{"line":273,"column":null}},{"start":{},"end":{}}],"line":269},"21":{"loc":{"start":{"line":278,"column":12},"end":{"line":278,"column":null}},"type":"if","locations":[{"start":{"line":278,"column":12},"end":{"line":278,"column":null}},{"start":{},"end":{}}],"line":278},"22":{"loc":{"start":{"line":280,"column":12},"end":{"line":289,"column":null}},"type":"if","locations":[{"start":{"line":280,"column":12},"end":{"line":289,"column":null}},{"start":{},"end":{}}],"line":280},"23":{"loc":{"start":{"line":284,"column":16},"end":{"line":288,"column":null}},"type":"if","locations":[{"start":{"line":284,"column":16},"end":{"line":288,"column":null}},{"start":{},"end":{}}],"line":284},"24":{"loc":{"start":{"line":324,"column":12},"end":{"line":327,"column":null}},"type":"if","locations":[{"start":{"line":324,"column":12},"end":{"line":327,"column":null}},{"start":{},"end":{}}],"line":324},"25":{"loc":{"start":{"line":333,"column":4},"end":{"line":336,"column":null}},"type":"if","locations":[{"start":{"line":333,"column":4},"end":{"line":336,"column":null}},{"start":{},"end":{}}],"line":333}},"s":{"0":1,"1":1,"2":1,"3":1,"4":1,"5":6,"6":6,"7":6,"8":2,"9":6,"10":1,"11":3,"12":3,"13":1,"14":2,"15":2,"16":0,"17":2,"18":104,"19":104,"20":7,"21":7,"22":7,"23":7,"24":7,"25":9,"26":9,"27":9,"28":16,"29":16,"30":16,"31":2,"32":2,"33":2,"34":2,"35":1,"36":1,"37":1,"38":1,"39":1,"40":1,"41":5,"42":5,"43":5,"44":5,"45":25,"46":25,"47":5,"48":5,"49":5,"50":55,"51":55,"52":220,"53":220,"54":220,"55":220,"56":55,"57":55,"58":220,"59":1100,"60":220,"61":55,"62":55,"63":20,"64":20,"65":20,"66":20,"67":5,"68":5,"69":5,"70":5,"71":5,"72":0,"73":0,"74":20,"75":20,"76":54,"77":6,"78":6,"79":6,"80":6,"81":6,"82":5,"83":5,"84":5,"85":5,"86":4,"87":4,"88":4,"89":4,"90":4,"91":4,"92":2,"93":4,"94":2,"95":4,"96":2,"97":4,"98":0,"99":4,"100":0,"101":1,"102":10,"103":10,"104":10,"105":12,"106":12,"107":12,"108":12,"109":28,"110":28,"111":28,"112":12,"113":16,"114":0,"115":16,"116":16,"117":16,"118":16,"119":56,"120":12,"121":6,"122":12,"123":12,"124":2,"125":12,"126":4,"127":12,"128":6,"129":2,"130":2,"131":2,"132":2,"133":2,"134":4,"135":4,"136":4,"137":4,"138":4,"139":4,"140":4,"141":4,"142":4,"143":4,"144":4,"145":38,"146":4,"147":4,"148":4,"149":0,"150":0,"151":4,"152":34,"153":34,"154":34,"155":32,"156":2,"157":2,"158":2,"159":2,"160":2,"161":2,"162":2,"163":2,"164":4,"165":4,"166":4,"167":4,"168":4,"169":4,"170":4,"171":6,"172":6,"173":6,"174":6,"175":6,"176":6,"177":6,"178":6,"179":6,"180":6,"181":128,"182":128,"183":128,"184":4,"185":4,"186":4,"187":4,"188":4,"189":128,"190":128,"191":0,"192":6,"193":6,"194":6,"195":6,"196":6},"f":{"0":6,"1":2,"2":1,"3":3,"4":104,"5":7,"6":9,"7":16,"8":2,"9":1,"10":5,"11":25,"12":1100,"13":20,"14":5,"15":5,"16":5,"17":0,"18":20,"19":54,"20":6,"21":5,"22":10,"23":12,"24":6,"25":12,"26":2,"27":4,"28":4,"29":6,"30":4},"b":{"0":[1,2],"1":[0,2],"2":[2,2],"3":[0,7],"4":[1,0],"5":[55,165],"6":[4,1],"7":[2,2],"8":[2,2],"9":[2,2],"10":[0,4],"11":[0,4],"12":[12,16],"13":[0,16],"14":[16,16],"15":[56,44],"16":[2,10],"17":[4,8],"18":[6,6],"19":[4,34],"20":[0,4],"21":[32,2],"22":[2,0],"23":[2,0],"24":[4,0],"25":[0,128]},"meta":{"lastBranch":26,"lastFunction":31,"lastStatement":197,"seen":{"s:5:14:5:16":0,"s:6:18:6:19":1,"s:7:16:7:18":2,"s:8:20:8:22":3,"s:9:21:9:37":4,"f:12:9:12:24":0,"s:13:23:13:60":5,"s:14:23:14:60":6,"s:15:0:17:Infinity":7,"f:15:41:15:42":1,"s:16:4:16:Infinity":8,"s:18:0:20:Infinity":9,"f:18:41:18:42":2,"s:19:4:19:Infinity":10,"f:24:15:24:25":3,"s:25:16:25:43":11,"b:26:4:26:29:undefined:undefined:undefined:undefined":0,"s:26:4:26:29":12,"s:26:17:26:29":13,"s:28:20:28:36":14,"b:30:4:32:Infinity:undefined:undefined:undefined:undefined":1,"s:30:4:32:Infinity":15,"b:30:8:30:30:30:34:30:49":2,"s:31:8:31:Infinity":16,"s:34:4:34:49":17,"f:38:9:38:22":4,"s:39:29:39:59":18,"s:40:4:40:Infinity":19,"f:44:9:44:25":5,"s:45:18:45:28":20,"s:46:16:46:30":21,"s:47:17:47:61":22,"b:47:54:47:56:47:59:47:60":3,"s:48:19:48:48":23,"s:49:4:49:Infinity":24,"f:53:9:53:17":6,"s:54:14:54:28":25,"s:55:4:55:Infinity":26,"s:56:4:56:Infinity":27,"f:60:9:60:16":7,"s:61:14:61:28":28,"s:62:4:62:Infinity":29,"s:63:4:63:Infinity":30,"f:67:15:67:27":8,"s:68:4:68:Infinity":31,"s:69:4:69:Infinity":32,"s:70:4:70:Infinity":33,"s:71:4:71:Infinity":34,"f:75:15:75:31":9,"s:76:4:76:Infinity":35,"s:77:4:77:Infinity":36,"s:78:4:78:Infinity":37,"b:79:4:81:Infinity:undefined:undefined:undefined:undefined":4,"s:79:4:81:Infinity":38,"s:80:8:80:Infinity":39,"s:82:4:82:Infinity":40,"f:86:9:86:33":10,"s:87:17:93:5":41,"s:95:15:95:49":42,"s:98:23:98:47":43,"s:99:4:102:Infinity":44,"f:99:17:99:18":11,"s:100:8:100:Infinity":45,"s:101:8:101:Infinity":46,"s:103:4:103:Infinity":47,"s:106:4:128:Infinity":48,"s:106:20:106:29":49,"s:107:8:127:Infinity":50,"s:107:24:107:25":51,"s:108:24:108:42":52,"s:109:32:109:96":53,"s:110:12:110:Infinity":54,"b:113:12:118:Infinity:undefined:undefined:undefined:undefined":5,"s:113:12:118:Infinity":55,"s:114:33:114:41":56,"s:115:16:117:Infinity":57,"s:121:12:125:Infinity":58,"f:121:25:121:26":12,"s:122:16:124:Infinity":59,"s:126:12:126:Infinity":60,"s:129:4:129:Infinity":61,"s:130:4:130:Infinity":62,"f:134:9:134:19":13,"s:135:14:135:53":63,"s:136:14:136:58":64,"s:137:14:137:32":65,"s:138:4:138:Infinity":66,"f:142:9:142:27":14,"s:143:19:143:21":67,"s:144:4:153:Infinity":68,"f:145:10:145:11":15,"s:145:15:145:23":69,"f:146:10:146:14":16,"s:147:8:147:Infinity":70,"s:148:8:148:Infinity":71,"f:150:11:150:14":17,"s:151:8:151:Infinity":72,"s:152:8:152:Infinity":73,"f:157:9:157:20":18,"s:158:26:158:48":74,"s:159:4:159:Infinity":75,"f:159:24:159:25":19,"s:159:29:159:60":76,"f:163:16:163:25":20,"s:164:26:164:44":77,"s:165:4:165:Infinity":78,"s:166:4:166:Infinity":79,"s:167:4:167:Infinity":80,"s:168:4:168:Infinity":81,"f:171:22:171:40":21,"s:172:31:172:77":82,"s:173:4:173:Infinity":83,"s:176:4:176:Infinity":84,"b:177:4:198:Infinity:196:10:198:Infinity":6,"s:177:4:198:Infinity":85,"s:179:23:179:59":86,"s:180:24:180:72":87,"s:181:26:181:74":88,"s:182:25:182:73":89,"s:183:23:183:71":90,"b:186:8:186:Infinity:undefined:undefined:undefined:undefined":7,"s:186:8:186:Infinity":91,"s:186:21:186:71":92,"b:188:8:188:Infinity:undefined:undefined:undefined:undefined":8,"s:188:8:188:Infinity":93,"s:188:22:188:73":94,"b:190:8:190:Infinity:undefined:undefined:undefined:undefined":9,"s:190:8:190:Infinity":95,"s:190:24:190:77":96,"b:192:8:192:Infinity:undefined:undefined:undefined:undefined":10,"s:192:8:192:Infinity":97,"s:192:23:192:75":98,"b:194:8:194:Infinity:undefined:undefined:undefined:undefined":11,"s:194:8:194:Infinity":99,"s:194:21:194:71":100,"s:197:8:197:Infinity":101,"f:203:9:203:27":22,"s:204:29:204:59":102,"s:205:20:205:37":103,"s:206:4:206:Infinity":104,"f:209:9:209:32":23,"s:210:18:210:20":105,"s:212:18:212:49":106,"s:213:18:213:47":107,"s:215:4:228:Infinity":108,"s:216:18:216:46":109,"s:217:18:217:44":110,"b:219:8:219:Infinity:undefined:undefined:undefined:undefined":12,"s:219:8:219:Infinity":111,"s:219:28:219:Infinity":112,"b:220:8:220:Infinity:undefined:undefined:undefined:undefined":13,"s:220:8:220:Infinity":113,"b:220:14:220:23:220:27:220:34":14,"s:220:37:220:Infinity":114,"s:222:21:222:39":115,"s:223:21:223:37":116,"s:225:8:227:Infinity":117,"s:225:21:225:25":118,"s:226:12:226:Infinity":119,"b:226:24:226:32:226:36:226:37":15,"s:230:4:230:Infinity":120,"f:233:9:233:30":24,"s:234:4:240:Infinity":121,"f:234:25:234:28":25,"s:235:24:235:66":122,"b:237:8:237:Infinity:undefined:undefined:undefined:undefined":16,"s:237:8:237:Infinity":123,"s:237:27:237:Infinity":124,"b:238:8:238:Infinity:undefined:undefined:undefined:undefined":17,"s:238:8:238:Infinity":125,"s:238:27:238:Infinity":126,"b:239:8:239:Infinity:undefined:undefined:undefined:undefined":18,"s:239:8:239:Infinity":127,"s:239:26:239:Infinity":128,"f:243:9:243:21":26,"s:244:26:244:120":129,"s:245:31:245:81":130,"s:246:23:246:49":131,"s:247:29:247:89":132,"s:249:4:249:Infinity":133,"f:252:9:252:21":27,"s:253:4:253:Infinity":134,"s:254:27:254:106":135,"s:255:26:255:120":136,"s:257:31:257:81":137,"s:258:23:258:49":138,"s:259:29:259:89":139,"s:260:17:260:18":140,"s:261:21:261:23":141,"s:262:25:262:58":142,"s:264:4:291:Infinity":143,"s:264:17:264:19":144,"b:266:8:290:Infinity:275:13:290:Infinity":19,"s:266:8:290:Infinity":145,"s:267:30:267:95":146,"s:268:36:268:73":147,"b:269:12:273:Infinity:undefined:undefined:undefined:undefined":20,"s:269:12:273:Infinity":148,"s:271:16:271:Infinity":149,"s:272:16:272:Infinity":150,"s:274:8:274:17":151,"s:276:32:276:86":152,"s:277:31:277:70":153,"b:278:12:278:Infinity:undefined:undefined:undefined:undefined":21,"s:278:12:278:Infinity":154,"s:278:29:278:Infinity":155,"s:279:31:279:64":156,"b:280:12:289:Infinity:undefined:undefined:undefined:undefined":22,"s:280:12:289:Infinity":157,"s:281:30:281:62":158,"s:282:42:282:51":159,"b:284:16:288:Infinity:undefined:undefined:undefined:undefined":23,"s:284:16:288:Infinity":160,"s:285:20:285:Infinity":161,"s:286:20:286:Infinity":162,"s:287:20:287:Infinity":163,"s:293:4:293:Infinity":164,"s:294:26:294:75":165,"s:295:22:299:6":166,"f:295:53:295:56":28,"s:297:26:297:52":167,"s:298:8:298:40":168,"s:300:4:300:Infinity":169,"s:301:4:301:Infinity":170,"f:304:9:304:21":29,"s:305:27:305:106":171,"s:306:26:306:120":172,"s:307:31:307:81":173,"s:308:23:308:49":174,"s:309:29:309:93":175,"s:310:25:310:58":176,"s:313:30:313:41":177,"s:314:27:314:48":178,"s:317:4:329:Infinity":179,"s:317:17:317:18":180,"s:318:28:318:82":181,"s:319:28:319:70":182,"s:321:8:328:Infinity":183,"f:321:28:321:38":30,"s:322:26:322:58":184,"s:323:35:323:44":185,"b:324:12:327:Infinity:undefined:undefined:undefined:undefined":24,"s:324:12:327:Infinity":186,"s:325:28:325:61":187,"s:326:16:326:Infinity":188,"s:332:24:332:57":189,"b:333:4:336:Infinity:undefined:undefined:undefined:undefined":25,"s:333:4:336:Infinity":190,"s:335:8:335:Infinity":191,"s:339:23:339:53":192,"s:340:4:340:Infinity":193,"s:341:22:341:79":194,"s:342:4:342:Infinity":195,"s:343:4:343:Infinity":196}}}
}
